Detecting C compiler ABI info failed to compile with the following output:
Change Dir: F:/Dropbox/HKU/csd/C++/CSD2b/Delay reverb (voice oonly)/out/build/x64-Debug (default)/CMakeFiles/CMakeTmp

Run Build Command(s):C:/Program Files (x86)/Microsoft Visual Studio/2019/Community/Common7/IDE/CommonExtensions/Microsoft/CMake/Ninja/ninja.exe cmTC_f8435 && [1/2] Building C object CMakeFiles\cmTC_f8435.dir\CMakeCCompilerABI.c.obj
[2/2] Linking C executable cmTC_f8435.exe
FAILED: cmTC_f8435.exe 
cmd.exe /C "cd . && "C:\Program Files (x86)\Microsoft Visual Studio\2019\Community\Common7\IDE\CommonExtensions\Microsoft\CMake\CMake\bin\cmake.exe" -E vs_link_exe --intdir=CMakeFiles\cmTC_f8435.dir --rc=C:\PROGRA~2\WI3CF2~1\10\bin\100183~1.0\x64\rc.exe --mt=C:\PROGRA~2\WI3CF2~1\10\bin\100183~1.0\x64\mt.exe --manifests  -- C:\PROGRA~2\MICROS~2\2019\COMMUN~1\VC\Tools\MSVC\1428~1.293\bin\Hostx64\x64\link.exe /nologo CMakeFiles\cmTC_f8435.dir\CMakeCCompilerABI.c.obj  /out:cmTC_f8435.exe /implib:cmTC_f8435.lib /pdb:cmTC_f8435.pdb /version:0.0 /machine:x64  /debug /INCREMENTAL /subsystem:console  kernel32.lib user32.lib gdi32.lib winspool.lib shell32.lib ole32.lib oleaut32.lib uuid.lib comdlg32.lib advapi32.lib && cd ."
FINAL LINK: command "C:\PROGRA~2\MICROS~2\2019\COMMUN~1\VC\Tools\MSVC\1428~1.293\bin\Hostx64\x64\link.exe /nologo CMakeFiles\cmTC_f8435.dir\CMakeCCompilerABI.c.obj /out:cmTC_f8435.exe /implib:cmTC_f8435.lib /pdb:cmTC_f8435.pdb /version:0.0 /machine:x64 /debug /INCREMENTAL /subsystem:console kernel32.lib user32.lib gdi32.lib winspool.lib shell32.lib ole32.lib oleaut32.lib uuid.lib comdlg32.lib advapi32.lib /MANIFEST /MANIFESTFILE:CMakeFiles\cmTC_f8435.dir/intermediate.manifest CMakeFiles\cmTC_f8435.dir/manifest.res" failed (exit code 1201) with the following output:
LINK : fatal error LNK1201: error writing to program database 'F:\Dropbox\HKU\csd\C++\CSD2b\Delay reverb (voice oonly)\out\build\x64-Debug (default)\CMakeFiles\CMakeTmp\cmTC_f8435.pdb'; check for insufficient disk space, invalid path, or insufficient privilege
ninja: build stopped: subcommand failed.




